# JRE version: Java(TM) SE Runtime Environment (8.0_91-b14) (build 1.8.0_91-b14)
# Java VM: Java HotSpot(TM) 64-Bit Server VM (25.91-b14 mixed mode windows-amd64 compressed oops)
Heap:
 PSYoungGen      total 464896K, used 238596K [0x00000000d6f00000, 0x0000000100000000, 0x0000000100000000)
  eden space 420864K, 56% used [0x00000000d6f00000,0x00000000e5801108,0x00000000f0a00000)
  from space 44032K, 0% used [0x00000000f0a00000,0x00000000f0a00000,0x00000000f3500000)
  to   space 43520K, 0% used [0x00000000fd580000,0x00000000fd580000,0x0000000100000000)
 ParOldGen       total 92672K, used 25022K [0x0000000084c00000, 0x000000008a680000, 0x00000000d6f00000)
  object space 92672K, 27% used [0x0000000084c00000,0x000000008646f8c0,0x000000008a680000)
 Metaspace       used 52029K, capacity 52826K, committed 53424K, reserved 1095680K
  class space    used 6178K, capacity 6454K, committed 6576K, reserved 1048576K
GC Heap History (10 events):
Event: 8.307 GC heap before
{Heap before GC invocations=11 (full 1):
 PSYoungGen      total 219136K, used 219116K [0x00000000d6f00000, 0x00000000ec480000, 0x0000000100000000)
  eden space 199168K, 100% used [0x00000000d6f00000,0x00000000e3180000,0x00000000e3180000)
  from space 19968K, 99% used [0x00000000e3180000,0x00000000e44fb1d8,0x00000000e4500000)
  to   space 27648K, 0% used [0x00000000ea980000,0x00000000ea980000,0x00000000ec480000)
 ParOldGen       total 63488K, used 37096K [0x0000000084c00000, 0x0000000088a00000, 0x00000000d6f00000)
  object space 63488K, 58% used [0x0000000084c00000,0x000000008703a178,0x0000000088a00000)
 Metaspace       used 26708K, capacity 27322K, committed 27696K, reserved 1073152K
  class space    used 3070K, capacity 3303K, committed 3376K, reserved 1048576K
Event: 8.329 GC heap after
Heap after GC invocations=11 (full 1):
 PSYoungGen      total 316416K, used 27621K [0x00000000d6f00000, 0x00000000ece80000, 0x0000000100000000)
  eden space 288768K, 0% used [0x00000000d6f00000,0x00000000d6f00000,0x00000000e8900000)
  from space 27648K, 99% used [0x00000000ea980000,0x00000000ec4797b0,0x00000000ec480000)
  to   space 33280K, 0% used [0x00000000e8900000,0x00000000e8900000,0x00000000ea980000)
 ParOldGen       total 63488K, used 41449K [0x0000000084c00000, 0x0000000088a00000, 0x00000000d6f00000)
  object space 63488K, 65% used [0x0000000084c00000,0x000000008747a768,0x0000000088a00000)
 Metaspace       used 26708K, capacity 27322K, committed 27696K, reserved 1073152K
  class space    used 3070K, capacity 3303K, committed 3376K, reserved 1048576K
}
Event: 8.984 GC heap before
{Heap before GC invocations=12 (full 1):
 PSYoungGen      total 316416K, used 316389K [0x00000000d6f00000, 0x00000000ece80000, 0x0000000100000000)
  eden space 288768K, 100% used [0x00000000d6f00000,0x00000000e8900000,0x00000000e8900000)
  from space 27648K, 99% used [0x00000000ea980000,0x00000000ec4797b0,0x00000000ec480000)
  to   space 33280K, 0% used [0x00000000e8900000,0x00000000e8900000,0x00000000ea980000)
 ParOldGen       total 63488K, used 41449K [0x0000000084c00000, 0x0000000088a00000, 0x00000000d6f00000)
  object space 63488K, 65% used [0x0000000084c00000,0x000000008747a768,0x0000000088a00000)
 Metaspace       used 26710K, capacity 27322K, committed 27696K, reserved 1073152K
  class space    used 3070K, capacity 3303K, committed 3376K, reserved 1048576K
Event: 9.013 GC heap after
Heap after GC invocations=12 (full 1):
 PSYoungGen      total 322048K, used 33273K [0x00000000d6f00000, 0x00000000f5d00000, 0x0000000100000000)
  eden space 288768K, 0% used [0x00000000d6f00000,0x00000000d6f00000,0x00000000e8900000)
  from space 33280K, 99% used [0x00000000e8900000,0x00000000ea97e6d0,0x00000000ea980000)
  to   space 40960K, 0% used [0x00000000f3500000,0x00000000f3500000,0x00000000f5d00000)
 ParOldGen       total 63488K, used 49428K [0x0000000084c00000, 0x0000000088a00000, 0x00000000d6f00000)
  object space 63488K, 77% used [0x0000000084c00000,0x0000000087c45268,0x0000000088a00000)
 Metaspace       used 26710K, capacity 27322K, committed 27696K, reserved 1073152K
  class space    used 3070K, capacity 3303K, committed 3376K, reserved 1048576K
}
Event: 9.780 GC heap before
{Heap before GC invocations=13 (full 1):
 PSYoungGen      total 322048K, used 322041K [0x00000000d6f00000, 0x00000000f5d00000, 0x0000000100000000)
  eden space 288768K, 100% used [0x00000000d6f00000,0x00000000e8900000,0x00000000e8900000)
  from space 33280K, 99% used [0x00000000e8900000,0x00000000ea97e6d0,0x00000000ea980000)
  to   space 40960K, 0% used [0x00000000f3500000,0x00000000f3500000,0x00000000f5d00000)
 ParOldGen       total 63488K, used 49428K [0x0000000084c00000, 0x0000000088a00000, 0x00000000d6f00000)
  object space 63488K, 77% used [0x0000000084c00000,0x0000000087c45268,0x0000000088a00000)
 Metaspace       used 27871K, capacity 28562K, committed 28848K, reserved 1075200K
  class space    used 3189K, capacity 3439K, committed 3504K, reserved 1048576K
Event: 9.806 GC heap after
Heap after GC invocations=13 (full 1):
 PSYoungGen      total 461824K, used 31632K [0x00000000d6f00000, 0x00000000f6000000, 0x0000000100000000)
  eden space 420864K, 0% used [0x00000000d6f00000,0x00000000d6f00000,0x00000000f0a00000)
  from space 40960K, 77% used [0x00000000f3500000,0x00000000f53e4348,0x00000000f5d00000)
  to   space 44032K, 0% used [0x00000000f0a00000,0x00000000f0a00000,0x00000000f3500000)
 ParOldGen       total 63488K, used 49452K [0x0000000084c00000, 0x0000000088a00000, 0x00000000d6f00000)
  object space 63488K, 77% used [0x0000000084c00000,0x0000000087c4b278,0x0000000088a00000)
 Metaspace       used 27871K, capacity 28562K, committed 28848K, reserved 1075200K
  class space    used 3189K, capacity 3439K, committed 3504K, reserved 1048576K
}
Event: 11.584 GC heap before
{Heap before GC invocations=14 (full 1):
 PSYoungGen      total 461824K, used 106883K [0x00000000d6f00000, 0x00000000f6000000, 0x0000000100000000)
  eden space 420864K, 17% used [0x00000000d6f00000,0x00000000db87cc20,0x00000000f0a00000)
  from space 40960K, 77% used [0x00000000f3500000,0x00000000f53e4348,0x00000000f5d00000)
  to   space 44032K, 0% used [0x00000000f0a00000,0x00000000f0a00000,0x00000000f3500000)
 ParOldGen       total 63488K, used 49452K [0x0000000084c00000, 0x0000000088a00000, 0x00000000d6f00000)
  object space 63488K, 77% used [0x0000000084c00000,0x0000000087c4b278,0x0000000088a00000)
 Metaspace       used 34548K, capacity 35238K, committed 35496K, reserved 1081344K
  class space    used 4057K, capacity 4312K, committed 4400K, reserved 1048576K
Event: 11.595 GC heap after
Heap after GC invocations=14 (full 1):
 PSYoungGen      total 464896K, used 8061K [0x00000000d6f00000, 0x0000000100000000, 0x0000000100000000)
  eden space 420864K, 0% used [0x00000000d6f00000,0x00000000d6f00000,0x00000000f0a00000)
  from space 44032K, 18% used [0x00000000f0a00000,0x00000000f11df558,0x00000000f3500000)
  to   space 43520K, 0% used [0x00000000fd580000,0x00000000fd580000,0x0000000100000000)
 ParOldGen       total 63488K, used 50295K [0x0000000084c00000, 0x0000000088a00000, 0x00000000d6f00000)
  object space 63488K, 79% used [0x0000000084c00000,0x0000000087d1ded0,0x0000000088a00000)
 Metaspace       used 34548K, capacity 35238K, committed 35496K, reserved 1081344K
  class space    used 4057K, capacity 4312K, committed 4400K, reserved 1048576K
}
Event: 11.595 GC heap before
{Heap before GC invocations=15 (full 2):
 PSYoungGen      total 464896K, used 8061K [0x00000000d6f00000, 0x0000000100000000, 0x0000000100000000)
  eden space 420864K, 0% used [0x00000000d6f00000,0x00000000d6f00000,0x00000000f0a00000)
  from space 44032K, 18% used [0x00000000f0a00000,0x00000000f11df558,0x00000000f3500000)
  to   space 43520K, 0% used [0x00000000fd580000,0x00000000fd580000,0x0000000100000000)
 ParOldGen       total 63488K, used 50295K [0x0000000084c00000, 0x0000000088a00000, 0x00000000d6f00000)
  object space 63488K, 79% used [0x0000000084c00000,0x0000000087d1ded0,0x0000000088a00000)
 Metaspace       used 34548K, capacity 35238K, committed 35496K, reserved 1081344K
  class space    used 4057K, capacity 4312K, committed 4400K, reserved 1048576K
Event: 11.690 GC heap after
Heap after GC invocations=15 (full 2):
 PSYoungGen      total 464896K, used 0K [0x00000000d6f00000, 0x0000000100000000, 0x0000000100000000)
  eden space 420864K, 0% used [0x00000000d6f00000,0x00000000d6f00000,0x00000000f0a00000)
  from space 44032K, 0% used [0x00000000f0a00000,0x00000000f0a00000,0x00000000f3500000)
  to   space 43520K, 0% used [0x00000000fd580000,0x00000000fd580000,0x0000000100000000)
 ParOldGen       total 92672K, used 25022K [0x0000000084c00000, 0x000000008a680000, 0x00000000d6f00000)
  object space 92672K, 27% used [0x0000000084c00000,0x000000008646f8c0,0x000000008a680000)
 Metaspace       used 34548K, capacity 35238K, committed 35496K, reserved 1081344K
  class space    used 4057K, capacity 4312K, committed 4400K, reserved 1048576K
}

